Error || 22-04-2024 09:06:57 || mysqli_sql_exception: Column 'phone' cannot be null in /home/users/j/j62432737/domains/data.tech-ud72.ru/lib/database.php:51
Stack trace:
#0 /home/users/j/j62432737/domains/data.tech-ud72.ru/lib/database.php(51): mysqli_stmt->execute()
#1 /home/users/j/j62432737/domains/data.tech-ud72.ru/index.php(112): insertData()
#2 {main}
Error || 22-04-2024 09:07:39 || mysqli_sql_exception: Column 'phone' cannot be null in /home/users/j/j62432737/domains/data.tech-ud72.ru/lib/database.php:51
Stack trace:
#0 /home/users/j/j62432737/domains/data.tech-ud72.ru/lib/database.php(51): mysqli_stmt->execute()
#1 /home/users/j/j62432737/domains/data.tech-ud72.ru/index.php(112): insertData()
#2 {main}
Error || 22-04-2024 09:07:40 || mysqli_sql_exception: Column 'phone' cannot be null in /home/users/j/j62432737/domains/data.tech-ud72.ru/lib/database.php:51
Stack trace:
#0 /home/users/j/j62432737/domains/data.tech-ud72.ru/lib/database.php(51): mysqli_stmt->execute()
#1 /home/users/j/j62432737/domains/data.tech-ud72.ru/index.php(112): insertData()
#2 {main}
Error || 22-04-2024 09:24:14 || Uncaught TypeError: array_search(): Argument #2 ($haystack) must be of type array, null given in /home/users/j/j62432737/domains/data.tech-ud72.ru/settings.php:36
Stack trace:
#0 /home/users/j/j62432737/domains/data.tech-ud72.ru/settings.php(36): array_search()
#1 {main}
  thrown in /home/users/j/j62432737/domains/data.tech-ud72.ru/settings.php:36
Error || 22-04-2024 09:27:55 || Uncaught TypeError: array_search(): Argument #2 ($haystack) must be of type array, null given in /home/users/j/j62432737/domains/data.tech-ud72.ru/settings.php:36
Stack trace:
#0 /home/users/j/j62432737/domains/data.tech-ud72.ru/settings.php(36): array_search()
#1 {main}
  thrown in /home/users/j/j62432737/domains/data.tech-ud72.ru/settings.php:36
Error || 22-04-2024 09:28:50 || Uncaught TypeError: debug(): Argument #1 ($array) must be of type array|string, null given, called in /home/users/j/j62432737/domains/data.tech-ud72.ru/settings.php on line 36 and defined in /home/users/j/j62432737/domains/data.tech-ud72.ru/lib/debug.php:3
Stack trace:
#0 /home/users/j/j62432737/domains/data.tech-ud72.ru/settings.php(36): debug()
#1 {main}
  thrown in /home/users/j/j62432737/domains/data.tech-ud72.ru/lib/debug.php:3
Error || 22-04-2024 09:29:54 || Uncaught TypeError: debug(): Argument #1 ($array) must be of type array|string, null given, called in /home/users/j/j62432737/domains/data.tech-ud72.ru/settings.php on line 36 and defined in /home/users/j/j62432737/domains/data.tech-ud72.ru/lib/debug.php:3
Stack trace:
#0 /home/users/j/j62432737/domains/data.tech-ud72.ru/settings.php(36): debug()
#1 {main}
  thrown in /home/users/j/j62432737/domains/data.tech-ud72.ru/lib/debug.php:3
Error || 22-04-2024 09:29:56 || Uncaught TypeError: debug(): Argument #1 ($array) must be of type array|string, null given, called in /home/users/j/j62432737/domains/data.tech-ud72.ru/settings.php on line 36 and defined in /home/users/j/j62432737/domains/data.tech-ud72.ru/lib/debug.php:3
Stack trace:
#0 /home/users/j/j62432737/domains/data.tech-ud72.ru/settings.php(36): debug()
#1 {main}
  thrown in /home/users/j/j62432737/domains/data.tech-ud72.ru/lib/debug.php:3
Error || 22-04-2024 09:30:00 || Uncaught TypeError: debug(): Argument #1 ($array) must be of type array|string, null given, called in /home/users/j/j62432737/domains/data.tech-ud72.ru/settings.php on line 36 and defined in /home/users/j/j62432737/domains/data.tech-ud72.ru/lib/debug.php:3
Stack trace:
#0 /home/users/j/j62432737/domains/data.tech-ud72.ru/settings.php(36): debug()
#1 {main}
  thrown in /home/users/j/j62432737/domains/data.tech-ud72.ru/lib/debug.php:3
Error || 22-04-2024 09:30:01 || Uncaught TypeError: debug(): Argument #1 ($array) must be of type array|string, null given, called in /home/users/j/j62432737/domains/data.tech-ud72.ru/settings.php on line 36 and defined in /home/users/j/j62432737/domains/data.tech-ud72.ru/lib/debug.php:3
Stack trace:
#0 /home/users/j/j62432737/domains/data.tech-ud72.ru/settings.php(36): debug()
#1 {main}
  thrown in /home/users/j/j62432737/domains/data.tech-ud72.ru/lib/debug.php:3
Error || 22-04-2024 09:30:01 || Uncaught TypeError: debug(): Argument #1 ($array) must be of type array|string, null given, called in /home/users/j/j62432737/domains/data.tech-ud72.ru/settings.php on line 36 and defined in /home/users/j/j62432737/domains/data.tech-ud72.ru/lib/debug.php:3
Stack trace:
#0 /home/users/j/j62432737/domains/data.tech-ud72.ru/settings.php(36): debug()
#1 {main}
  thrown in /home/users/j/j62432737/domains/data.tech-ud72.ru/lib/debug.php:3
Error || 22-04-2024 09:30:01 || Uncaught TypeError: debug(): Argument #1 ($array) must be of type array|string, null given, called in /home/users/j/j62432737/domains/data.tech-ud72.ru/settings.php on line 36 and defined in /home/users/j/j62432737/domains/data.tech-ud72.ru/lib/debug.php:3
Stack trace:
#0 /home/users/j/j62432737/domains/data.tech-ud72.ru/settings.php(36): debug()
#1 {main}
  thrown in /home/users/j/j62432737/domains/data.tech-ud72.ru/lib/debug.php:3
